<?xml version="1.0" encoding="UTF-8"?>
<testsuite name="lasilu.AppTest" tests="1" skipped="0" failures="0" errors="0" timestamp="2023-05-18T06:28:49" hostname="xu" time="0.021">
  <properties/>
  <testcase name="appHasAGreeting()" classname="lasilu.AppTest" time="0.021"/>
  <system-out><![CDATA[]]></system-out>
  <system-err><![CDATA[]]></system-err>
</testsuite>
