<?xml version="1.0" encoding="UTF-8"?>
<testsuite name="lasilu.AppTest" tests="1" skipped="0" failures="0" errors="0" timestamp="2023-05-13T04:36:40" hostname="xu" time="0.035">
  <properties/>
  <testcase name="appHasAGreeting()" classname="lasilu.AppTest" time="0.035"/>
  <system-out><![CDATA[]]></system-out>
  <system-err><![CDATA[]]></system-err>
</testsuite>
